<?xml version="1.0" encoding="UTF-8"?>
<!-- Generated by org.testng.reporters.JUnitXMLReporter -->
<testsuite ignored="0" hostname="DESKTOP-LEKTSMN" failures="1" tests="1" name="Test" time="0.045" errors="0" timestamp="2022-12-04T12:07:41 IST">
  <testcase classname="day1.CreateNewOpportunity2" name="CreateOpportunity" time="0.0">
    <failure type="java.lang.RuntimeException" message="java.lang.Error: Unresolved compilation problem: 
	Login cannot be resolved to a variable
">
      <![CDATA[java.lang.RuntimeException: java.lang.Error: Unresolved compilation problem: 
Login cannot be resolved to a variable

at java.base/java.util.ArrayList.forEach(ArrayList.java:1511)
Caused by: java.lang.Error: Unresolved compilation problem: 
Login cannot be resolved to a variable

at day1.CreateNewOpportunity2.fetchData(CreateNewOpportunity2.java:33)
... 25 more
... Removed 32 stack frames]]>
    </failure>
  </testcase> <!-- CreateOpportunity -->
</testsuite> <!-- Test -->
